# JRE version: OpenJDK Runtime Environment (8.0_212-b04) (build 1.8.0_212-release-1586-b04)
# Java VM: OpenJDK 64-Bit Server VM (25.212-b04 mixed mode windows-amd64 compressed oops)
Heap:
 PSYoungGen      total 245760K, used 192542K [0x00000000eab00000, 0x0000000100000000, 0x0000000100000000)
  eden space 153088K, 83% used [0x00000000eab00000,0x00000000f2742f20,0x00000000f4080000)
  from space 92672K, 70% used [0x00000000f4080000,0x00000000f8044ab8,0x00000000f9b00000)
  to   space 97792K, 0% used [0x00000000fa080000,0x00000000fa080000,0x0000000100000000)
 ParOldGen       total 481280K, used 304502K [0x00000000c0000000, 0x00000000dd600000, 0x00000000eab00000)
  object space 481280K, 63% used [0x00000000c0000000,0x00000000d295daa0,0x00000000dd600000)
 Metaspace       used 138811K, capacity 147693K, committed 147864K, reserved 1177600K
  class space    used 17845K, capacity 19777K, committed 19888K, reserved 1048576K
GC Heap History (10 events):
Event: 2157.556 GC heap before
{Heap before GC invocations=106 (full 9):
 PSYoungGen      total 240128K, used 219282K [0x00000000eab00000, 0x0000000100000000, 0x0000000100000000)
  eden space 146432K, 100% used [0x00000000eab00000,0x00000000f3a00000,0x00000000f3a00000)
  from space 93696K, 77% used [0x00000000fa480000,0x00000000feba4ad8,0x0000000100000000)
  to   space 101376K, 0% used [0x00000000f3a00000,0x00000000f3a00000,0x00000000f9d00000)
 ParOldGen       total 481280K, used 304478K [0x00000000c0000000, 0x00000000dd600000, 0x00000000eab00000)
  object space 481280K, 63% used [0x00000000c0000000,0x00000000d2957aa0,0x00000000dd600000)
 Metaspace       used 138227K, capacity 146951K, committed 147224K, reserved 1177600K
  class space    used 17829K, capacity 19722K, committed 19760K, reserved 1048576K
Event: 2157.637 GC heap after
Heap after GC invocations=106 (full 9):
 PSYoungGen      total 247808K, used 25458K [0x00000000eab00000, 0x0000000100000000, 0x0000000100000000)
  eden space 146432K, 0% used [0x00000000eab00000,0x00000000eab00000,0x00000000f3a00000)
  from space 101376K, 25% used [0x00000000f3a00000,0x00000000f52dca98,0x00000000f9d00000)
  to   space 97792K, 0% used [0x00000000fa080000,0x00000000fa080000,0x0000000100000000)
 ParOldGen       total 481280K, used 304478K [0x00000000c0000000, 0x00000000dd600000, 0x00000000eab00000)
  object space 481280K, 63% used [0x00000000c0000000,0x00000000d2957aa0,0x00000000dd600000)
 Metaspace       used 138227K, capacity 146951K, committed 147224K, reserved 1177600K
  class space    used 17829K, capacity 19722K, committed 19760K, reserved 1048576K
}
Event: 2158.522 GC heap before
{Heap before GC invocations=107 (full 9):
 PSYoungGen      total 247808K, used 171890K [0x00000000eab00000, 0x0000000100000000, 0x0000000100000000)
  eden space 146432K, 100% used [0x00000000eab00000,0x00000000f3a00000,0x00000000f3a00000)
  from space 101376K, 25% used [0x00000000f3a00000,0x00000000f52dca98,0x00000000f9d00000)
  to   space 97792K, 0% used [0x00000000fa080000,0x00000000fa080000,0x0000000100000000)
 ParOldGen       total 481280K, used 304478K [0x00000000c0000000, 0x00000000dd600000, 0x00000000eab00000)
  object space 481280K, 63% used [0x00000000c0000000,0x00000000d2957aa0,0x00000000dd600000)
 Metaspace       used 138357K, capacity 147039K, committed 147224K, reserved 1177600K
  class space    used 17832K, capacity 19726K, committed 19760K, reserved 1048576K
Event: 2158.572 GC heap after
Heap after GC invocations=107 (full 9):
 PSYoungGen      total 244224K, used 54658K [0x00000000eab00000, 0x00000000ffc80000, 0x0000000100000000)
  eden space 150016K, 0% used [0x00000000eab00000,0x00000000eab00000,0x00000000f3d80000)
  from space 94208K, 58% used [0x00000000fa080000,0x00000000fd5e0ab8,0x00000000ffc80000)
  to   space 97792K, 0% used [0x00000000f3d80000,0x00000000f3d80000,0x00000000f9d00000)
 ParOldGen       total 481280K, used 304486K [0x00000000c0000000, 0x00000000dd600000, 0x00000000eab00000)
  object space 481280K, 63% used [0x00000000c0000000,0x00000000d2959aa0,0x00000000dd600000)
 Metaspace       used 138357K, capacity 147039K, committed 147224K, reserved 1177600K
  class space    used 17832K, capacity 19726K, committed 19760K, reserved 1048576K
}
Event: 2266.629 GC heap before
{Heap before GC invocations=108 (full 9):
 PSYoungGen      total 244224K, used 204674K [0x00000000eab00000, 0x00000000ffc80000, 0x0000000100000000)
  eden space 150016K, 100% used [0x00000000eab00000,0x00000000f3d80000,0x00000000f3d80000)
  from space 94208K, 58% used [0x00000000fa080000,0x00000000fd5e0ab8,0x00000000ffc80000)
  to   space 97792K, 0% used [0x00000000f3d80000,0x00000000f3d80000,0x00000000f9d00000)
 ParOldGen       total 481280K, used 304486K [0x00000000c0000000, 0x00000000dd600000, 0x00000000eab00000)
  object space 481280K, 63% used [0x00000000c0000000,0x00000000d2959aa0,0x00000000dd600000)
 Metaspace       used 138471K, capacity 147241K, committed 147608K, reserved 1177600K
  class space    used 17836K, capacity 19763K, committed 19888K, reserved 1048576K
Event: 2266.665 GC heap after
Heap after GC invocations=108 (full 9):
 PSYoungGen      total 247808K, used 2688K [0x00000000eab00000, 0x0000000100000000, 0x0000000100000000)
  eden space 150016K, 0% used [0x00000000eab00000,0x00000000eab00000,0x00000000f3d80000)
  from space 97792K, 2% used [0x00000000f3d80000,0x00000000f4020000,0x00000000f9d00000)
  to   space 98304K, 0% used [0x00000000fa000000,0x00000000fa000000,0x0000000100000000)
 ParOldGen       total 481280K, used 304486K [0x00000000c0000000, 0x00000000dd600000, 0x00000000eab00000)
  object space 481280K, 63% used [0x00000000c0000000,0x00000000d2959aa0,0x00000000dd600000)
 Metaspace       used 138471K, capacity 147241K, committed 147608K, reserved 1177600K
  class space    used 17836K, capacity 19763K, committed 19888K, reserved 1048576K
}
Event: 2268.029 GC heap before
{Heap before GC invocations=109 (full 9):
 PSYoungGen      total 247808K, used 152704K [0x00000000eab00000, 0x0000000100000000, 0x0000000100000000)
  eden space 150016K, 100% used [0x00000000eab00000,0x00000000f3d80000,0x00000000f3d80000)
  from space 97792K, 2% used [0x00000000f3d80000,0x00000000f4020000,0x00000000f9d00000)
  to   space 98304K, 0% used [0x00000000fa000000,0x00000000fa000000,0x0000000100000000)
 ParOldGen       total 481280K, used 304486K [0x00000000c0000000, 0x00000000dd600000, 0x00000000eab00000)
  object space 481280K, 63% used [0x00000000c0000000,0x00000000d2959aa0,0x00000000dd600000)
 Metaspace       used 138697K, capacity 147523K, committed 147864K, reserved 1177600K
  class space    used 17840K, capacity 19770K, committed 19888K, reserved 1048576K
Event: 2268.090 GC heap after
Heap after GC invocations=109 (full 9):
 PSYoungGen      total 240640K, used 33522K [0x00000000eab00000, 0x00000000ff580000, 0x0000000100000000)
  eden space 153088K, 0% used [0x00000000eab00000,0x00000000eab00000,0x00000000f4080000)
  from space 87552K, 38% used [0x00000000fa000000,0x00000000fc0bca98,0x00000000ff580000)
  to   space 92672K, 0% used [0x00000000f4080000,0x00000000f4080000,0x00000000f9b00000)
 ParOldGen       total 481280K, used 304494K [0x00000000c0000000, 0x00000000dd600000, 0x00000000eab00000)
  object space 481280K, 63% used [0x00000000c0000000,0x00000000d295baa0,0x00000000dd600000)
 Metaspace       used 138697K, capacity 147523K, committed 147864K, reserved 1177600K
  class space    used 17840K, capacity 19770K, committed 19888K, reserved 1048576K
}
Event: 2269.094 GC heap before
{Heap before GC invocations=110 (full 9):
 PSYoungGen      total 240640K, used 186610K [0x00000000eab00000, 0x00000000ff580000, 0x0000000100000000)
  eden space 153088K, 100% used [0x00000000eab00000,0x00000000f4080000,0x00000000f4080000)
  from space 87552K, 38% used [0x00000000fa000000,0x00000000fc0bca98,0x00000000ff580000)
  to   space 92672K, 0% used [0x00000000f4080000,0x00000000f4080000,0x00000000f9b00000)
 ParOldGen       total 481280K, used 304494K [0x00000000c0000000, 0x00000000dd600000, 0x00000000eab00000)
  object space 481280K, 63% used [0x00000000c0000000,0x00000000d295baa0,0x00000000dd600000)
 Metaspace       used 138735K, capacity 147587K, committed 147864K, reserved 1177600K
  class space    used 17841K, capacity 19770K, committed 19888K, reserved 1048576K
Event: 2269.309 GC heap after
Heap after GC invocations=110 (full 9):
 PSYoungGen      total 245760K, used 65298K [0x00000000eab00000, 0x0000000100000000, 0x0000000100000000)
  eden space 153088K, 0% used [0x00000000eab00000,0x00000000eab00000,0x00000000f4080000)
  from space 92672K, 70% used [0x00000000f4080000,0x00000000f8044ab8,0x00000000f9b00000)
  to   space 97792K, 0% used [0x00000000fa080000,0x00000000fa080000,0x0000000100000000)
 ParOldGen       total 481280K, used 304502K [0x00000000c0000000, 0x00000000dd600000, 0x00000000eab00000)
  object space 481280K, 63% used [0x00000000c0000000,0x00000000d295daa0,0x00000000dd600000)
 Metaspace       used 138735K, capacity 147587K, committed 147864K, reserved 1177600K
  class space    used 17841K, capacity 19770K, committed 19888K, reserved 1048576K
}

